Eye is   0
0.5
  1

READ 31
READ 31
MOV 29
3528 samples in 'clipped.amc' are read.
Completion: 0%
[1A[2KCompletion: 2%
[1A[2KCompletion: 4%
[1A[2KCompletion: 6%
[1A[2KCompletion: 8%
[1A[2KCompletion: 10%
[1A[2KCompletion: 12%
[1A[2KCompletion: 14%
[1A[2KCompletion: 16%
[1A[2KCompletion: 18%
[1A[2KCompletion: 20%
[1A[2KCompletion: 22%
[1A[2KCompletion: 25%
[1A[2KCompletion: 27%
[1A[2KCompletion: 29%
[1A[2KCompletion: 31%
[1A[2KCompletion: 33%
[1A[2KCompletion: 35%
[1A[2KCompletion: 37%
[1A[2KCompletion: 39%
[1A[2KCompletion: 41%
[1A[2KCompletion: 43%
[1A[2KCompletion: 45%
[1A[2KCompletion: 47%
[1A[2KCompletion: 50%
[1A[2KCompletion: 52%
[1A[2KCompletion: 54%
[1A[2KCompletion: 56%
[1A[2KCompletion: 58%
[1A[2KCompletion: 60%
[1A[2KCompletion: 62%
[1A[2KCompletion: 64%
[1A[2KCompletion: 66%
[1A[2KCompletion: 68%
[1A[2KCompletion: 70%
[1A[2KCompletion: 72%
[1A[2KCompletion: 75%
[1A[2KCompletion: 77%
[1A[2KCompletion: 79%
[1A[2KCompletion: 81%
[1A[2KCompletion: 83%
[1A[2KCompletion: 85%
[1A[2KCompletion: 87%
[1A[2KCompletion: 89%
[1A[2KCompletion: 91%
[1A[2KCompletion: 93%
[1A[2KCompletion: 95%
[1A[2KCompletion: 97%
[1A[2KRendered 0 frames using 0 seconds
Completion: 0%
[1A[2KCompletion: 2%
[1A[2KCompletion: 4%
[1A[2KCompletion: 6%
[1A[2KCompletion: 8%
[1A[2KCompletion: 10%
[1A[2KCompletion: 12%
[1A[2KCompletion: 14%
[1A[2KCompletion: 16%
[1A[2KCompletion: 18%
[1A[2KCompletion: 20%
[1A[2KCompletion: 22%
[1A[2KCompletion: 25%
[1A[2KCompletion: 27%
[1A[2KCompletion: 29%
[1A[2KCompletion: 31%
[1A[2KCompletion: 33%
[1A[2KCompletion: 35%
[1A[2KCompletion: 37%
[1A[2KCompletion: 39%
[1A[2KCompletion: 41%
[1A[2KCompletion: 43%
[1A[2KCompletion: 45%
[1A[2KCompletion: 47%
[1A[2KCompletion: 50%
[1A[2KCompletion: 52%
[1A[2KCompletion: 54%
[1A[2KCompletion: 56%
[1A[2KCompletion: 58%
[1A[2KCompletion: 60%
[1A[2KCompletion: 62%
[1A[2KCompletion: 64%
[1A[2KCompletion: 66%
[1A[2KCompletion: 68%
[1A[2KCompletion: 70%
[1A[2KCompletion: 72%
[1A[2KCompletion: 75%
[1A[2KCompletion: 77%
[1A[2KCompletion: 79%
[1A[2KCompletion: 81%
[1A[2KCompletion: 83%
[1A[2KCompletion: 85%
[1A[2KCompletion: 87%
[1A[2KCompletion: 89%
[1A[2KCompletion: 91%
[1A[2KCompletion: 93%
[1A[2KCompletion: 95%
[1A[2KCompletion: 97%
[1A[2KRendered 1 frames using 0 seconds
Completion: 0%
[1A[2KCompletion: 2%
[1A[2KCompletion: 4%
[1A[2KCompletion: 6%
[1A[2KCompletion: 8%
[1A[2KCompletion: 10%
[1A[2KCompletion: 12%
[1A[2KCompletion: 14%
[1A[2KCompletion: 16%
[1A[2KCompletion: 18%
[1A[2KCompletion: 20%
[1A[2KCompletion: 22%
[1A[2KCompletion: 25%
[1A[2KCompletion: 27%
[1A[2KCompletion: 29%
[1A[2KCompletion: 31%
[1A[2KCompletion: 33%
[1A[2KCompletion: 35%
[1A[2KCompletion: 37%
[1A[2KCompletion: 39%
[1A[2KCompletion: 41%
[1A[2KCompletion: 43%
[1A[2KCompletion: 45%
[1A[2KCompletion: 47%
[1A[2KCompletion: 50%
[1A[2KCompletion: 52%
[1A[2KCompletion: 54%
[1A[2KCompletion: 56%
[1A[2KCompletion: 58%
[1A[2KCompletion: 60%
[1A[2KCompletion: 62%
[1A[2KCompletion: 64%
[1A[2KCompletion: 66%
[1A[2KCompletion: 68%
[1A[2KCompletion: 70%
[1A[2KCompletion: 72%
[1A[2KCompletion: 75%
[1A[2KCompletion: 77%
[1A[2KCompletion: 79%
[1A[2KCompletion: 81%
[1A[2KCompletion: 83%
[1A[2KCompletion: 85%
[1A[2KCompletion: 87%
[1A[2KCompletion: 89%
[1A[2KCompletion: 91%
[1A[2KCompletion: 93%
[1A[2KCompletion: 95%
[1A[2KCompletion: 97%
[1A[2KRendered 2 frames using 0 seconds
Completion: 0%
[1A[2KCompletion: 2%
[1A[2KCompletion: 4%
[1A[2KCompletion: 6%
[1A[2KCompletion: 8%
[1A[2KCompletion: 10%
[1A[2KCompletion: 12%
[1A[2KCompletion: 14%
[1A[2KCompletion: 16%
[1A[2KCompletion: 18%
[1A[2KCompletion: 20%
[1A[2KCompletion: 22%
[1A[2KCompletion: 25%
[1A[2KCompletion: 27%
[1A[2KCompletion: 29%
[1A[2KCompletion: 31%
[1A[2KCompletion: 33%
[1A[2KCompletion: 35%
[1A[2KCompletion: 37%
[1A[2KCompletion: 39%
[1A[2KCompletion: 41%
[1A[2KCompletion: 43%
[1A[2KCompletion: 45%
[1A[2KCompletion: 47%
[1A[2KCompletion: 50%
[1A[2KCompletion: 52%
[1A[2KCompletion: 54%
[1A[2KCompletion: 56%
[1A[2KCompletion: 58%
[1A[2KCompletion: 60%
[1A[2KCompletion: 62%
[1A[2KCompletion: 64%
[1A[2KCompletion: 66%
[1A[2KCompletion: 68%
[1A[2KCompletion: 70%
[1A[2KCompletion: 72%
[1A[2KCompletion: 75%
[1A[2KCompletion: 77%
[1A[2KCompletion: 79%
[1A[2KCompletion: 81%
[1A[2KCompletion: 83%
[1A[2KCompletion: 85%
[1A[2KCompletion: 87%
[1A[2KCompletion: 89%
[1A[2KCompletion: 91%
[1A[2KCompletion: 93%
[1A[2KCompletion: 95%
[1A[2KCompletion: 97%
[1A[2KRendered 3 frames using 0 seconds
Completion: 0%
[1A[2KCompletion: 2%
[1A[2KCompletion: 4%
[1A[2KCompletion: 6%
[1A[2KCompletion: 8%
[1A[2KCompletion: 10%
[1A[2KCompletion: 12%
[1A[2KCompletion: 14%
[1A[2KCompletion: 16%
[1A[2KCompletion: 18%
[1A[2KCompletion: 20%
[1A[2KCompletion: 22%
[1A[2KCompletion: 25%
[1A[2KCompletion: 27%
[1A[2KCompletion: 29%
[1A[2KCompletion: 31%
[1A[2KCompletion: 33%
[1A[2KCompletion: 35%
[1A[2KCompletion: 37%
[1A[2KCompletion: 39%
[1A[2KCompletion: 41%
[1A[2KCompletion: 43%
[1A[2KCompletion: 45%
[1A[2KCompletion: 47%
[1A[2KCompletion: 50%
[1A[2KCompletion: 52%
[1A[2KCompletion: 54%
[1A[2KCompletion: 56%
[1A[2KCompletion: 58%
[1A[2KCompletion: 60%
[1A[2KCompletion: 62%
[1A[2KCompletion: 64%
[1A[2KCompletion: 66%
[1A[2KCompletion: 68%
[1A[2KCompletion: 70%
[1A[2KCompletion: 72%
[1A[2KCompletion: 75%
[1A[2KCompletion: 77%
[1A[2KCompletion: 79%
[1A[2KCompletion: 81%
[1A[2KCompletion: 83%
[1A[2KCompletion: 85%
[1A[2KCompletion: 87%
[1A[2KCompletion: 89%
[1A[2KCompletion: 91%
[1A[2KCompletion: 93%
[1A[2KCompletion: 95%
[1A[2KCompletion: 97%
[1A[2KRendered 4 frames using 0 seconds
Completion: 0%
[1A[2KCompletion: 2%
[1A[2KCompletion: 4%
[1A[2KCompletion: 6%
[1A[2KCompletion: 8%
[1A[2KCompletion: 10%
[1A[2KCompletion: 12%
[1A[2KCompletion: 14%
[1A[2KCompletion: 16%
[1A[2KCompletion: 18%
[1A[2KCompletion: 20%
[1A[2KCompletion: 22%
[1A[2KCompletion: 25%
[1A[2KCompletion: 27%
[1A[2KCompletion: 29%
[1A[2KCompletion: 31%
[1A[2KCompletion: 33%
[1A[2KCompletion: 35%
[1A[2KCompletion: 37%
[1A[2KCompletion: 39%
[1A[2KCompletion: 41%
[1A[2KCompletion: 43%
[1A[2KCompletion: 45%
[1A[2KCompletion: 47%
[1A[2KCompletion: 50%
[1A[2KCompletion: 52%
[1A[2KCompletion: 54%
[1A[2KCompletion: 56%
[1A[2KCompletion: 58%
[1A[2KCompletion: 60%
[1A[2KCompletion: 62%
[1A[2KCompletion: 64%
[1A[2KCompletion: 66%
[1A[2KCompletion: 68%
[1A[2KCompletion: 70%
[1A[2KCompletion: 72%
[1A[2KCompletion: 75%
[1A[2KCompletion: 77%
[1A[2KCompletion: 79%
[1A[2KCompletion: 81%
[1A[2KCompletion: 83%
[1A[2KCompletion: 85%
[1A[2KCompletion: 87%
[1A[2KCompletion: 89%
[1A[2KCompletion: 91%
[1A[2KCompletion: 93%
[1A[2KCompletion: 95%
[1A[2KCompletion: 97%
[1A[2KRendered 5 frames using 0 seconds
Completion: 0%
[1A[2KCompletion: 2%
[1A[2KCompletion: 4%
[1A[2KCompletion: 6%
[1A[2KCompletion: 8%
[1A[2KCompletion: 10%
[1A[2KCompletion: 12%
[1A[2KCompletion: 14%
[1A[2KCompletion: 16%
[1A[2KCompletion: 18%
[1A[2KCompletion: 20%
[1A[2KCompletion: 22%
[1A[2KCompletion: 25%
[1A[2KCompletion: 27%
[1A[2KCompletion: 29%
[1A[2KCompletion: 31%
[1A[2KCompletion: 33%
[1A[2KCompletion: 35%
[1A[2KCompletion: 37%
[1A[2KCompletion: 39%
[1A[2KCompletion: 41%
[1A[2KCompletion: 43%
[1A[2KCompletion: 45%
[1A[2KCompletion: 47%
[1A[2KCompletion: 50%
[1A[2KCompletion: 52%
[1A[2KCompletion: 54%
[1A[2KCompletion: 56%
[1A[2KCompletion: 58%
[1A[2KCompletion: 60%
[1A[2KCompletion: 62%
[1A[2KCompletion: 64%
[1A[2KCompletion: 66%
[1A[2KCompletion: 68%
[1A[2KCompletion: 70%
[1A[2KCompletion: 72%
[1A[2KCompletion: 75%
[1A[2KCompletion: 77%
[1A[2KCompletion: 79%
[1A[2KCompletion: 81%
[1A[2KCompletion: 83%
[1A[2KCompletion: 85%
[1A[2KCompletion: 87%
[1A[2KCompletion: 89%
[1A[2KCompletion: 91%
[1A[2KCompletion: 93%
[1A[2KCompletion: 95%
[1A[2KCompletion: 97%
[1A[2KRendered 6 frames using 0 seconds
Completion: 0%
[1A[2KCompletion: 2%
[1A[2KCompletion: 4%
[1A[2KCompletion: 6%
[1A[2KCompletion: 8%
[1A[2KCompletion: 10%
[1A[2KCompletion: 12%
[1A[2KCompletion: 14%
[1A[2KCompletion: 16%
[1A[2KCompletion: 18%
[1A[2KCompletion: 20%
[1A[2KCompletion: 22%
[1A[2KCompletion: 25%
[1A[2KCompletion: 27%
[1A[2KCompletion: 29%
[1A[2KCompletion: 31%
[1A[2KCompletion: 33%
[1A[2KCompletion: 35%
[1A[2KCompletion: 37%
[1A[2KCompletion: 39%
[1A[2KCompletion: 41%
[1A[2KCompletion: 43%
[1A[2KCompletion: 45%
[1A[2KCompletion: 47%
[1A[2KCompletion: 50%
[1A[2KCompletion: 52%
[1A[2KCompletion: 54%
[1A[2KCompletion: 56%
[1A[2KCompletion: 58%
[1A[2KCompletion: 60%
[1A[2KCompletion: 62%
[1A[2KCompletion: 64%
[1A[2KCompletion: 66%
[1A[2KCompletion: 68%
[1A[2KCompletion: 70%
[1A[2KCompletion: 72%
[1A[2KCompletion: 75%
[1A[2KCompletion: 77%
[1A[2KCompletion: 79%
[1A[2KCompletion: 81%
[1A[2KCompletion: 83%
[1A[2KCompletion: 85%
[1A[2KCompletion: 87%
[1A[2KCompletion: 89%
[1A[2KCompletion: 91%
[1A[2KCompletion: 93%
[1A[2KCompletion: 95%
[1A[2KCompletion: 97%
[1A[2KRendered 7 frames using 0 seconds
Completion: 0%
[1A[2KCompletion: 2%
[1A[2KCompletion: 4%
[1A[2KCompletion: 6%
[1A[2KCompletion: 8%
[1A[2KCompletion: 10%
[1A[2KCompletion: 12%
[1A[2KCompletion: 14%
[1A[2KCompletion: 16%
[1A[2KCompletion: 18%
[1A[2KCompletion: 20%
[1A[2KCompletion: 22%
[1A[2KCompletion: 25%
[1A[2KCompletion: 27%
[1A[2KCompletion: 29%
[1A[2KCompletion: 31%
[1A[2KCompletion: 33%
[1A[2KCompletion: 35%
[1A[2KCompletion: 37%
[1A[2KCompletion: 39%
[1A[2KCompletion: 41%
[1A[2KCompletion: 43%
[1A[2KCompletion: 45%
[1A[2KCompletion: 47%
[1A[2KCompletion: 50%
[1A[2KCompletion: 52%
[1A[2KCompletion: 54%
[1A[2KCompletion: 56%
[1A[2KCompletion: 58%
[1A[2KCompletion: 60%
[1A[2KCompletion: 62%
[1A[2KCompletion: 64%
[1A[2KCompletion: 66%
[1A[2KCompletion: 68%
[1A[2KCompletion: 70%
[1A[2KCompletion: 72%
[1A[2KCompletion: 75%
[1A[2KCompletion: 77%
[1A[2KCompletion: 79%
[1A[2KCompletion: 81%
[1A[2KCompletion: 83%
[1A[2KCompletion: 85%
[1A[2KCompletion: 87%
[1A[2KCompletion: 89%
[1A[2KCompletion: 91%
[1A[2KCompletion: 93%
[1A[2KCompletion: 95%
[1A[2KCompletion: 97%
[1A[2KRendered 8 frames using 0 seconds
Completion: 0%
[1A[2KCompletion: 2%
[1A[2KCompletion: 4%
[1A[2KCompletion: 6%
[1A[2KCompletion: 8%
[1A[2KCompletion: 10%
[1A[2KCompletion: 12%
[1A[2KCompletion: 14%
[1A[2KCompletion: 16%
[1A[2KCompletion: 18%
[1A[2KCompletion: 20%
[1A[2KCompletion: 22%
[1A[2KCompletion: 25%
[1A[2KCompletion: 27%
[1A[2KCompletion: 29%
[1A[2KCompletion: 31%
[1A[2KCompletion: 33%
[1A[2KCompletion: 35%
[1A[2KCompletion: 37%
[1A[2KCompletion: 39%
[1A[2KCompletion: 41%
[1A[2KCompletion: 43%
[1A[2KCompletion: 45%
[1A[2KCompletion: 47%
[1A[2KCompletion: 50%
[1A[2KCompletion: 52%
[1A[2KCompletion: 54%
[1A[2KCompletion: 56%
[1A[2KCompletion: 58%
[1A[2KCompletion: 60%
[1A[2KCompletion: 62%
[1A[2KCompletion: 64%
[1A[2KCompletion: 66%
[1A[2KCompletion: 68%
[1A[2KCompletion: 70%
[1A[2KCompletion: 72%
[1A[2KCompletion: 75%
[1A[2KCompletion: 77%
[1A[2KCompletion: 79%
[1A[2KCompletion: 81%
[1A[2KCompletion: 83%
[1A[2KCompletion: 85%
[1A[2KCompletion: 87%
[1A[2KCompletion: 89%
[1A[2KCompletion: 91%
[1A[2KCompletion: 93%
[1A[2KCompletion: 95%
[1A[2KCompletion: 97%
[1A[2KRendered 9 frames using 0 seconds
Completion: 0%
[1A[2KCompletion: 2%
[1A[2KCompletion: 4%
[1A[2KCompletion: 6%
[1A[2KCompletion: 8%
[1A[2KCompletion: 10%
[1A[2KCompletion: 12%
[1A[2KCompletion: 14%
[1A[2KCompletion: 16%
[1A[2KCompletion: 18%
[1A[2KCompletion: 20%
[1A[2KCompletion: 22%
[1A[2KCompletion: 25%
[1A[2KCompletion: 27%
[1A[2KCompletion: 29%
[1A[2KCompletion: 31%
[1A[2KCompletion: 33%
[1A[2KCompletion: 35%
[1A[2KCompletion: 37%
[1A[2KCompletion: 39%
[1A[2KCompletion: 41%
[1A[2KCompletion: 43%
[1A[2KCompletion: 45%
[1A[2KCompletion: 47%
[1A[2KCompletion: 50%
[1A[2KCompletion: 52%
[1A[2KCompletion: 54%
[1A[2KCompletion: 56%
[1A[2KCompletion: 58%
[1A[2KCompletion: 60%
[1A[2KCompletion: 62%
[1A[2KCompletion: 64%
[1A[2KCompletion: 66%
[1A[2KCompletion: 68%
[1A[2KCompletion: 70%
[1A[2KCompletion: 72%
[1A[2KCompletion: 75%
[1A[2KCompletion: 77%
[1A[2KCompletion: 79%
[1A[2KCompletion: 81%
[1A[2KCompletion: 83%
[1A[2KCompletion: 85%
[1A[2KCompletion: 87%
[1A[2KCompletion: 89%
[1A[2KCompletion: 91%
[1A[2KCompletion: 93%
[1A[2KCompletion: 95%
[1A[2KCompletion: 97%
[1A[2KRendered 10 frames using 0 seconds
Completion: 0%
[1A[2KCompletion: 2%
[1A[2KCompletion: 4%
[1A[2KCompletion: 6%
[1A[2KCompletion: 8%
[1A[2KCompletion: 10%
[1A[2KCompletion: 12%
[1A[2KCompletion: 14%
[1A[2KCompletion: 16%
[1A[2KCompletion: 18%
[1A[2KCompletion: 20%
[1A[2KCompletion: 22%
[1A[2KCompletion: 25%
[1A[2KCompletion: 27%
[1A[2KCompletion: 29%
[1A[2KCompletion: 31%
[1A[2KCompletion: 33%
[1A[2KCompletion: 35%
[1A[2KCompletion: 37%
[1A[2KCompletion: 39%
[1A[2KCompletion: 41%
[1A[2KCompletion: 43%
[1A[2KCompletion: 45%
[1A[2KCompletion: 47%
[1A[2KCompletion: 50%
[1A[2KCompletion: 52%
[1A[2KCompletion: 54%
[1A[2KCompletion: 56%
[1A[2KCompletion: 58%
[1A[2KCompletion: 60%
[1A[2KCompletion: 62%
[1A[2KCompletion: 64%
[1A[2KCompletion: 66%
[1A[2KCompletion: 68%
[1A[2KCompletion: 70%
[1A[2KCompletion: 72%
[1A[2KCompletion: 75%
[1A[2KCompletion: 77%
[1A[2KCompletion: 79%
[1A[2KCompletion: 81%
[1A[2KCompletion: 83%
[1A[2KCompletion: 85%
[1A[2KCompletion: 87%
[1A[2KCompletion: 89%
[1A[2KCompletion: 91%
[1A[2KCompletion: 93%
[1A[2KCompletion: 95%
[1A[2KCompletion: 97%
[1A[2KRendered 11 frames using 0 seconds
Completion: 0%
[1A[2KCompletion: 2%
[1A[2KCompletion: 4%
[1A[2KCompletion: 6%
[1A[2KCompletion: 8%
[1A[2KCompletion: 10%
[1A[2KCompletion: 12%
[1A[2KCompletion: 14%
[1A[2KCompletion: 16%
[1A[2KCompletion: 18%
[1A[2KCompletion: 20%
[1A[2KCompletion: 22%
[1A[2KCompletion: 25%
[1A[2KCompletion: 27%
[1A[2KCompletion: 29%
[1A[2KCompletion: 31%
[1A[2KCompletion: 33%
[1A[2KCompletion: 35%
[1A[2KCompletion: 37%
[1A[2KCompletion: 39%
[1A[2KCompletion: 41%
[1A[2KCompletion: 43%
[1A[2KCompletion: 45%
[1A[2KCompletion: 47%
[1A[2KCompletion: 50%
[1A[2KCompletion: 52%
[1A[2KCompletion: 54%
[1A[2KCompletion: 56%
[1A[2KCompletion: 58%
[1A[2KCompletion: 60%
[1A[2KCompletion: 62%
[1A[2KCompletion: 64%
[1A[2KCompletion: 66%
[1A[2KCompletion: 68%
[1A[2KCompletion: 70%
[1A[2KCompletion: 72%
[1A[2KCompletion: 75%
[1A[2KCompletion: 77%
[1A[2KCompletion: 79%
[1A[2KCompletion: 81%
[1A[2KCompletion: 83%
[1A[2KCompletion: 85%
[1A[2KCompletion: 87%
[1A[2KCompletion: 89%
[1A[2KCompletion: 91%
[1A[2KCompletion: 93%
[1A[2KCompletion: 95%
[1A[2KCompletion: 97%
[1A[2KRendered 12 frames using 0 seconds
Completion: 0%
[1A[2KCompletion: 2%
[1A[2KCompletion: 4%
[1A[2KCompletion: 6%
[1A[2KCompletion: 8%
[1A[2KCompletion: 10%
[1A[2KCompletion: 12%
[1A[2KCompletion: 14%
[1A[2KCompletion: 16%
[1A[2KCompletion: 18%
[1A[2KCompletion: 20%
[1A[2KCompletion: 22%
[1A[2KCompletion: 25%
[1A[2KCompletion: 27%
[1A[2KCompletion: 29%
[1A[2KCompletion: 31%
[1A[2KCompletion: 33%
[1A[2KCompletion: 35%
[1A[2KCompletion: 37%
[1A[2KCompletion: 39%
[1A[2KCompletion: 41%
[1A[2KCompletion: 43%
[1A[2KCompletion: 45%
[1A[2KCompletion: 47%
[1A[2KCompletion: 50%
[1A[2KCompletion: 52%
[1A[2KCompletion: 54%
[1A[2KCompletion: 56%
[1A[2KCompletion: 58%
[1A[2KCompletion: 60%
[1A[2KCompletion: 62%
[1A[2KCompletion: 64%
[1A[2KCompletion: 66%
[1A[2KCompletion: 68%
[1A[2KCompletion: 70%
[1A[2KCompletion: 72%
[1A[2KCompletion: 75%
[1A[2KCompletion: 77%
[1A[2KCompletion: 79%
[1A[2KCompletion: 81%
[1A[2KCompletion: 83%
[1A[2KCompletion: 85%
[1A[2KCompletion: 87%
[1A[2KCompletion: 89%
[1A[2KCompletion: 91%
[1A[2KCompletion: 93%
[1A[2KCompletion: 95%
[1A[2KCompletion: 97%
[1A[2KRendered 13 frames using 0 seconds
Completion: 0%
[1A[2KCompletion: 2%
[1A[2KCompletion: 4%
[1A[2KCompletion: 6%
[1A[2KCompletion: 8%
[1A[2KCompletion: 10%
[1A[2KCompletion: 12%
[1A[2KCompletion: 14%
[1A[2KCompletion: 16%
[1A[2KCompletion: 18%
[1A[2KCompletion: 20%
[1A[2KCompletion: 22%
[1A[2KCompletion: 25%
[1A[2KCompletion: 27%
[1A[2KCompletion: 29%
[1A[2KCompletion: 31%
[1A[2KCompletion: 33%
[1A[2KCompletion: 35%
[1A[2KCompletion: 37%
[1A[2KCompletion: 39%
[1A[2KCompletion: 41%
[1A[2KCompletion: 43%
[1A[2KCompletion: 45%
[1A[2KCompletion: 47%
[1A[2KCompletion: 50%
[1A[2KCompletion: 52%
[1A[2KCompletion: 54%
[1A[2KCompletion: 56%
[1A[2KCompletion: 58%
[1A[2KCompletion: 60%
[1A[2KCompletion: 62%
[1A[2KCompletion: 64%
[1A[2KCompletion: 66%
[1A[2KCompletion: 68%
[1A[2KCompletion: 70%
[1A[2KCompletion: 72%
[1A[2KCompletion: 75%
[1A[2KCompletion: 77%
[1A[2KCompletion: 79%
[1A[2KCompletion: 81%
[1A[2KCompletion: 83%
[1A[2KCompletion: 85%
[1A[2KCompletion: 87%
[1A[2KCompletion: 89%
[1A[2KCompletion: 91%
[1A[2KCompletion: 93%
[1A[2KCompletion: 95%
[1A[2KCompletion: 97%
[1A[2KRendered 14 frames using 0 seconds
Completion: 0%
[1A[2KCompletion: 2%
[1A[2KCompletion: 4%
[1A[2KCompletion: 6%
[1A[2KCompletion: 8%
[1A[2KCompletion: 10%
[1A[2KCompletion: 12%
[1A[2KCompletion: 14%
[1A[2KCompletion: 16%
[1A[2KCompletion: 18%
[1A[2KCompletion: 20%
[1A[2KCompletion: 22%
[1A[2KCompletion: 25%
[1A[2KCompletion: 27%
[1A[2KCompletion: 29%
[1A[2KCompletion: 31%
[1A[2KCompletion: 33%
[1A[2KCompletion: 35%
[1A[2KCompletion: 37%
[1A[2KCompletion: 39%
[1A[2KCompletion: 41%
[1A[2KCompletion: 43%
[1A[2KCompletion: 45%
[1A[2KCompletion: 47%
[1A[2KCompletion: 50%
[1A[2KCompletion: 52%
[1A[2KCompletion: 54%
[1A[2KCompletion: 56%
[1A[2KCompletion: 58%
[1A[2KCompletion: 60%
[1A[2KCompletion: 62%
[1A[2KCompletion: 64%
[1A[2KCompletion: 66%
[1A[2KCompletion: 68%
[1A[2KCompletion: 70%
[1A[2KCompletion: 72%
[1A[2KCompletion: 75%
[1A[2KCompletion: 77%
[1A[2KCompletion: 79%
[1A[2KCompletion: 81%
[1A[2KCompletion: 83%
[1A[2KCompletion: 85%
[1A[2KCompletion: 87%
[1A[2KCompletion: 89%
[1A[2KCompletion: 91%
[1A[2KCompletion: 93%
[1A[2KCompletion: 95%
[1A[2KCompletion: 97%
[1A[2KRendered 15 frames using 0 seconds
Completion: 0%
[1A[2KCompletion: 2%
[1A[2KCompletion: 4%
[1A[2KCompletion: 6%
[1A[2KCompletion: 8%
[1A[2KCompletion: 10%
[1A[2KCompletion: 12%
[1A[2KCompletion: 14%
[1A[2KCompletion: 16%
[1A[2KCompletion: 18%
[1A[2KCompletion: 20%
[1A[2KCompletion: 22%
[1A[2KCompletion: 25%
[1A[2KCompletion: 27%
[1A[2KCompletion: 29%
[1A[2KCompletion: 31%
[1A[2KCompletion: 33%
[1A[2KCompletion: 35%
[1A[2KCompletion: 37%
[1A[2KCompletion: 39%
[1A[2KCompletion: 41%
[1A[2KCompletion: 43%
[1A[2KCompletion: 45%
[1A[2KCompletion: 47%
[1A[2KCompletion: 50%
[1A[2KCompletion: 52%
[1A[2KCompletion: 54%
[1A[2KCompletion: 56%
[1A[2KCompletion: 58%
[1A[2KCompletion: 60%
[1A[2KCompletion: 62%
[1A[2KCompletion: 64%
[1A[2KCompletion: 66%
[1A[2KCompletion: 68%
[1A[2KCompletion: 70%
[1A[2KCompletion: 72%
[1A[2KCompletion: 75%
[1A[2KCompletion: 77%
[1A[2KCompletion: 79%
[1A[2KCompletion: 81%
[1A[2KCompletion: 83%
[1A[2KCompletion: 85%
[1A[2KCompletion: 87%
[1A[2KCompletion: 89%
[1A[2KCompletion: 91%
[1A[2KCompletion: 93%
[1A[2KCompletion: 95%
[1A[2KCompletion: 97%
[1A[2KRendered 16 frames using 0 seconds
Completion: 0%
[1A[2KCompletion: 2%
[1A[2KCompletion: 4%
[1A[2KCompletion: 6%
[1A[2KCompletion: 8%
[1A[2KCompletion: 10%
[1A[2KCompletion: 12%
[1A[2KCompletion: 14%
[1A[2KCompletion: 16%
[1A[2KCompletion: 18%
[1A[2KCompletion: 20%
[1A[2KCompletion: 22%
[1A[2KCompletion: 25%
[1A[2KCompletion: 27%
[1A[2KCompletion: 29%
[1A[2KCompletion: 31%
[1A[2KCompletion: 33%
[1A[2KCompletion: 35%
[1A[2KCompletion: 37%
[1A[2KCompletion: 39%
[1A[2KCompletion: 41%
[1A[2KCompletion: 43%
[1A[2KCompletion: 45%
[1A[2KCompletion: 47%
[1A[2KCompletion: 50%
[1A[2KCompletion: 52%
[1A[2KCompletion: 54%
[1A[2KCompletion: 56%
[1A[2KCompletion: 58%
[1A[2KCompletion: 60%
[1A[2KCompletion: 62%
[1A[2KCompletion: 64%
[1A[2KCompletion: 66%
[1A[2KCompletion: 68%
[1A[2KCompletion: 70%
[1A[2KCompletion: 72%
[1A[2KCompletion: 75%
[1A[2KCompletion: 77%
[1A[2KCompletion: 79%
[1A[2KCompletion: 81%
[1A[2KCompletion: 83%
[1A[2KCompletion: 85%
[1A[2KCompletion: 87%
[1A[2KCompletion: 89%
[1A[2KCompletion: 91%
[1A[2KCompletion: 93%
[1A[2KCompletion: 95%
[1A[2KCompletion: 97%
[1A[2KRendered 17 frames using 0 seconds
Completion: 0%
[1A[2KCompletion: 2%
[1A[2KCompletion: 4%
[1A[2KCompletion: 6%
[1A[2KCompletion: 8%
[1A[2KCompletion: 10%
[1A[2KCompletion: 12%
[1A[2KCompletion: 14%
[1A[2KCompletion: 16%
[1A[2KCompletion: 18%
[1A[2KCompletion: 20%
[1A[2KCompletion: 22%
[1A[2KCompletion: 25%
[1A[2KCompletion: 27%
[1A[2KCompletion: 29%
[1A[2KCompletion: 31%
[1A[2KCompletion: 33%
[1A[2KCompletion: 35%
[1A[2KCompletion: 37%
[1A[2KCompletion: 39%
[1A[2KCompletion: 41%
[1A[2KCompletion: 43%
[1A[2KCompletion: 45%
[1A[2KCompletion: 47%
[1A[2KCompletion: 50%
[1A[2KCompletion: 52%
[1A[2KCompletion: 54%
[1A[2KCompletion: 56%
[1A[2KCompletion: 58%
[1A[2KCompletion: 60%
[1A[2KCompletion: 62%
[1A[2KCompletion: 64%
[1A[2KCompletion: 66%
[1A[2KCompletion: 68%
[1A[2KCompletion: 70%
[1A[2KCompletion: 72%
[1A[2KCompletion: 75%
[1A[2KCompletion: 77%
[1A[2KCompletion: 79%
[1A[2KCompletion: 81%
[1A[2KCompletion: 83%
[1A[2KCompletion: 85%
[1A[2KCompletion: 87%
[1A[2KCompletion: 89%
[1A[2KCompletion: 91%
[1A[2KCompletion: 93%
[1A[2KCompletion: 95%
[1A[2KCompletion: 97%
[1A[2KRendered 18 frames using 0 seconds
Completion: 0%
[1A[2KCompletion: 2%
[1A[2KCompletion: 4%
[1A[2KCompletion: 6%
[1A[2KCompletion: 8%
[1A[2KCompletion: 10%
[1A[2KCompletion: 12%
[1A[2KCompletion: 14%
[1A[2KCompletion: 16%
[1A[2KCompletion: 18%
[1A[2KCompletion: 20%
[1A[2KCompletion: 22%
[1A[2KCompletion: 25%
[1A[2KCompletion: 27%
[1A[2KCompletion: 29%
[1A[2KCompletion: 31%
[1A[2KCompletion: 33%
[1A[2KCompletion: 35%
[1A[2KCompletion: 37%
[1A[2KCompletion: 39%
[1A[2KCompletion: 41%
[1A[2KCompletion: 43%
[1A[2KCompletion: 45%
[1A[2KCompletion: 47%
[1A[2KCompletion: 50%
[1A[2KCompletion: 52%
[1A[2KCompletion: 54%
[1A[2KCompletion: 56%
[1A[2KCompletion: 58%
[1A[2KCompletion: 60%
[1A[2KCompletion: 62%
[1A[2KCompletion: 64%
[1A[2KCompletion: 66%
[1A[2KCompletion: 68%
[1A[2KCompletion: 70%
[1A[2KCompletion: 72%
[1A[2KCompletion: 75%
[1A[2KCompletion: 77%
[1A[2KCompletion: 79%
[1A[2KCompletion: 81%
[1A[2KCompletion: 83%
[1A[2KCompletion: 85%
[1A[2KCompletion: 87%
[1A[2KCompletion: 89%
[1A[2KCompletion: 91%
[1A[2KCompletion: 93%
[1A[2KCompletion: 95%
[1A[2KCompletion: 97%
[1A[2KRendered 19 frames using 0 seconds
Completion: 0%
[1A[2KCompletion: 2%
[1A[2KCompletion: 4%
[1A[2KCompletion: 6%
[1A[2KCompletion: 8%
[1A[2KCompletion: 10%
[1A[2KCompletion: 12%
[1A[2KCompletion: 14%
[1A[2KCompletion: 16%
[1A[2KCompletion: 18%
[1A[2KCompletion: 20%
[1A[2KCompletion: 22%
[1A[2KCompletion: 25%
[1A[2KCompletion: 27%
[1A[2KCompletion: 29%
[1A[2KCompletion: 31%
[1A[2KCompletion: 33%
[1A[2KCompletion: 35%
[1A[2KCompletion: 37%
[1A[2KCompletion: 39%
[1A[2KCompletion: 41%
[1A[2KCompletion: 43%
[1A[2KCompletion: 45%
[1A[2KCompletion: 47%
[1A[2KCompletion: 50%
[1A[2KCompletion: 52%
[1A[2KCompletion: 54%
[1A[2KCompletion: 56%
[1A[2KCompletion: 58%
[1A[2KCompletion: 60%
[1A[2KCompletion: 62%
[1A[2KCompletion: 64%
[1A[2KCompletion: 66%
[1A[2KCompletion: 68%
[1A[2KCompletion: 70%
[1A[2KCompletion: 72%
[1A[2KCompletion: 75%
[1A[2KCompletion: 77%
[1A[2KCompletion: 79%
[1A[2KCompletion: 81%
[1A[2KCompletion: 83%
[1A[2KCompletion: 85%
[1A[2KCompletion: 87%
[1A[2KCompletion: 89%
[1A[2KCompletion: 91%
[1A[2KCompletion: 93%
[1A[2KCompletion: 95%
[1A[2KCompletion: 97%
[1A[2KRendered 20 frames using 0 seconds
Completion: 0%
[1A[2KCompletion: 2%
[1A[2KCompletion: 4%
[1A[2KCompletion: 6%
[1A[2KCompletion: 8%
[1A[2KCompletion: 10%
[1A[2KCompletion: 12%
[1A[2KCompletion: 14%
[1A[2KCompletion: 16%
[1A[2KCompletion: 18%
[1A[2KCompletion: 20%
[1A[2KCompletion: 22%
[1A[2KCompletion: 25%
[1A[2KCompletion: 27%
[1A[2KCompletion: 29%
[1A[2KCompletion: 31%
[1A[2KCompletion: 33%
[1A[2KCompletion: 35%
[1A[2KCompletion: 37%
[1A[2KCompletion: 39%
[1A[2KCompletion: 41%
[1A[2KCompletion: 43%
[1A[2KCompletion: 45%
[1A[2KCompletion: 47%
[1A[2KCompletion: 50%
[1A[2KCompletion: 52%
[1A[2KCompletion: 54%
[1A[2KCompletion: 56%
[1A[2KCompletion: 58%
[1A[2KCompletion: 60%
[1A[2KCompletion: 62%
[1A[2KCompletion: 64%
[1A[2KCompletion: 66%
[1A[2KCompletion: 68%
[1A[2KCompletion: 70%
[1A[2KCompletion: 72%
[1A[2KCompletion: 75%
[1A[2KCompletion: 77%
[1A[2KCompletion: 79%
[1A[2KCompletion: 81%
[1A[2KCompletion: 83%
[1A[2KCompletion: 85%
[1A[2KCompletion: 87%
[1A[2KCompletion: 89%
[1A[2KCompletion: 91%
[1A[2KCompletion: 93%
[1A[2KCompletion: 95%
[1A[2KCompletion: 97%
[1A[2KRendered 21 frames using 0 seconds
Completion: 0%
[1A[2KCompletion: 2%
[1A[2KCompletion: 4%
[1A[2KCompletion: 6%
[1A[2KCompletion: 8%
[1A[2KCompletion: 10%
[1A[2KCompletion: 12%
[1A[2KCompletion: 14%
[1A[2KCompletion: 16%
[1A[2KCompletion: 18%
[1A[2KCompletion: 20%
[1A[2KCompletion: 22%
[1A[2KCompletion: 25%
[1A[2KCompletion: 27%
[1A[2KCompletion: 29%
[1A[2KCompletion: 31%
[1A[2KCompletion: 33%
[1A[2KCompletion: 35%
[1A[2KCompletion: 37%
[1A[2KCompletion: 39%
[1A[2KCompletion: 41%
[1A[2KCompletion: 43%
[1A[2KCompletion: 45%
[1A[2KCompletion: 47%
[1A[2KCompletion: 50%
[1A[2KCompletion: 52%
[1A[2KCompletion: 54%
[1A[2KCompletion: 56%
[1A[2KCompletion: 58%
[1A[2KCompletion: 60%
[1A[2KCompletion: 62%
[1A[2KCompletion: 64%
[1A[2KCompletion: 66%
[1A[2KCompletion: 68%
[1A[2KCompletion: 70%
[1A[2KCompletion: 72%
[1A[2KCompletion: 75%
[1A[2KCompletion: 77%
[1A[2KCompletion: 79%
[1A[2KCompletion: 81%
[1A[2KCompletion: 83%
[1A[2KCompletion: 85%
[1A[2KCompletion: 87%
[1A[2KCompletion: 89%
[1A[2KCompletion: 91%
[1A[2KCompletion: 93%
[1A[2KCompletion: 95%
[1A[2KCompletion: 97%
[1A[2KRendered 22 frames using 0 seconds
Completion: 0%
[1A[2KCompletion: 2%
[1A[2KCompletion: 4%
[1A[2KCompletion: 6%
[1A[2KCompletion: 8%
[1A[2KCompletion: 10%
[1A[2KCompletion: 12%
[1A[2KCompletion: 14%
[1A[2KCompletion: 16%
[1A[2KCompletion: 18%
[1A[2KCompletion: 20%
[1A[2KCompletion: 22%
[1A[2KCompletion: 25%
[1A[2KCompletion: 27%
[1A[2KCompletion: 29%
[1A[2KCompletion: 31%
[1A[2KCompletion: 33%
[1A[2KCompletion: 35%
[1A[2KCompletion: 37%
[1A[2KCompletion: 39%
[1A[2KCompletion: 41%
[1A[2KCompletion: 43%
[1A[2KCompletion: 45%
[1A[2KCompletion: 47%
[1A[2KCompletion: 50%
[1A[2KCompletion: 52%
[1A[2KCompletion: 54%
[1A[2KCompletion: 56%
[1A[2KCompletion: 58%
[1A[2KCompletion: 60%
[1A[2KCompletion: 62%
[1A[2KCompletion: 64%
[1A[2KCompletion: 66%
[1A[2KCompletion: 68%
[1A[2KCompletion: 70%
[1A[2KCompletion: 72%
[1A[2KCompletion: 75%
[1A[2KCompletion: 77%
[1A[2KCompletion: 79%
[1A[2KCompletion: 81%
[1A[2KCompletion: 83%
[1A[2KCompletion: 85%
[1A[2KCompletion: 87%
[1A[2KCompletion: 89%
[1A[2KCompletion: 91%
[1A[2KCompletion: 93%
[1A[2KCompletion: 95%
[1A[2KCompletion: 97%
[1A[2KRendered 23 frames using 0 seconds
Completion: 0%
[1A[2KCompletion: 2%
[1A[2KCompletion: 4%
[1A[2KCompletion: 6%
[1A[2KCompletion: 8%
[1A[2KCompletion: 10%
[1A[2KCompletion: 12%
[1A[2KCompletion: 14%
[1A[2KCompletion: 16%
[1A[2KCompletion: 18%
[1A[2KCompletion: 20%
[1A[2KCompletion: 22%
[1A[2KCompletion: 25%
[1A[2KCompletion: 27%
[1A[2KCompletion: 29%
[1A[2KCompletion: 31%
[1A[2KCompletion: 33%
[1A[2KCompletion: 35%
[1A[2KCompletion: 37%
[1A[2KCompletion: 39%
[1A[2KCompletion: 41%
[1A[2KCompletion: 43%
[1A[2KCompletion: 45%
[1A[2KCompletion: 47%
[1A[2KCompletion: 50%
[1A[2KCompletion: 52%
[1A[2KCompletion: 54%
[1A[2KCompletion: 56%
[1A[2KCompletion: 58%
[1A[2KCompletion: 60%
[1A[2KCompletion: 62%
[1A[2KCompletion: 64%
[1A[2KCompletion: 66%
[1A[2KCompletion: 68%
[1A[2KCompletion: 70%
[1A[2KCompletion: 72%
[1A[2KCompletion: 75%
[1A[2KCompletion: 77%
[1A[2KCompletion: 79%
[1A[2KCompletion: 81%
[1A[2KCompletion: 83%
[1A[2KCompletion: 85%
[1A[2KCompletion: 87%
[1A[2KCompletion: 89%
[1A[2KCompletion: 91%
[1A[2KCompletion: 93%
[1A[2KCompletion: 95%
[1A[2KCompletion: 97%
[1A[2KRendered 24 frames using 0 seconds
Completion: 0%
[1A[2KCompletion: 2%
[1A[2KCompletion: 4%
[1A[2KCompletion: 6%
[1A[2KCompletion: 8%
[1A[2KCompletion: 10%
[1A[2KCompletion: 12%
[1A[2KCompletion: 14%
[1A[2KCompletion: 16%
[1A[2KCompletion: 18%
[1A[2KCompletion: 20%
[1A[2KCompletion: 22%
[1A[2KCompletion: 25%
[1A[2KCompletion: 27%
[1A[2KCompletion: 29%
[1A[2KCompletion: 31%
[1A[2KCompletion: 33%
[1A[2KCompletion: 35%
[1A[2KCompletion: 37%
[1A[2KCompletion: 39%
[1A[2KCompletion: 41%
[1A[2KCompletion: 43%
[1A[2KCompletion: 45%
[1A[2KCompletion: 47%
[1A[2KCompletion: 50%
[1A[2KCompletion: 52%
[1A[2KCompletion: 54%
[1A[2KCompletion: 56%
[1A[2KCompletion: 58%
[1A[2KCompletion: 60%
[1A[2KCompletion: 62%
[1A[2KCompletion: 64%
[1A[2KCompletion: 66%
[1A[2KCompletion: 68%
[1A[2KCompletion: 70%
[1A[2KCompletion: 72%
[1A[2KCompletion: 75%
[1A[2KCompletion: 77%
[1A[2KCompletion: 79%
[1A[2KCompletion: 81%
[1A[2KCompletion: 83%
[1A[2KCompletion: 85%
[1A[2KCompletion: 87%
[1A[2KCompletion: 89%
[1A[2KCompletion: 91%
[1A[2KCompletion: 93%
[1A[2KCompletion: 95%
[1A[2KCompletion: 97%
[1A[2KRendered 25 frames using 0 seconds
Completion: 0%
[1A[2KCompletion: 2%
[1A[2KCompletion: 4%
[1A[2KCompletion: 6%
[1A[2KCompletion: 8%
[1A[2KCompletion: 10%
[1A[2KCompletion: 12%
[1A[2KCompletion: 14%
[1A[2KCompletion: 16%
[1A[2KCompletion: 18%
[1A[2KCompletion: 20%
[1A[2KCompletion: 22%
[1A[2KCompletion: 25%
[1A[2KCompletion: 27%
[1A[2KCompletion: 29%
[1A[2KCompletion: 31%
[1A[2KCompletion: 33%
[1A[2KCompletion: 35%
[1A[2KCompletion: 37%
[1A[2KCompletion: 39%
[1A[2KCompletion: 41%
[1A[2KCompletion: 43%
[1A[2KCompletion: 45%
[1A[2KCompletion: 47%
[1A[2KCompletion: 50%
[1A[2KCompletion: 52%
[1A[2KCompletion: 54%
[1A[2KCompletion: 56%
[1A[2KCompletion: 58%
[1A[2KCompletion: 60%
[1A[2KCompletion: 62%
[1A[2KCompletion: 64%
[1A[2KCompletion: 66%
[1A[2KCompletion: 68%
[1A[2KCompletion: 70%
[1A[2KCompletion: 72%
[1A[2KCompletion: 75%
